{"contracts/EquityCrowdfunding.sol":{"l":{"402":37,"404":36,"411":6,"419":30,"424":3,"430":27,"431":27,"432":27,"433":27,"434":27,"435":27,"436":27,"437":27,"438":27,"439":27,"440":27,"441":27,"442":27,"443":27,"450":6,"454":5,"488":85,"489":84,"494":82,"498":81,"504":79,"509":77,"510":77,"511":75,"516":73,"521":71,"526":2,"527":1,"530":71,"531":71,"553":71,"587":64,"588":64,"591":64,"594":63,"600":62,"607":61,"610":61,"614":59,"620":58,"621":2,"622":1,"625":57,"626":0,"627":0,"628":0,"632":0,"633":0,"640":57,"641":52,"642":52,"645":57,"647":57,"648":57,"649":57,"652":57,"655":57,"656":26,"660":57,"682":27,"685":27,"688":26,"689":2,"694":24,"702":24,"708":23,"711":23,"723":23,"726":23,"728":23,"730":23,"736":23,"744":23,"747":23,"750":23,"769":20,"772":20,"774":19,"780":19,"786":18,"792":17,"795":16,"801":15,"804":15,"810":15,"811":37,"814":37,"820":15,"833":0,"834":0,"835":0,"837":0,"841":0,"842":0,"846":0,"850":0,"854":0,"855":0,"856":0,"857":0,"858":0,"859":0,"860":0,"864":0,"878":0,"879":0,"880":0,"884":0,"885":0,"889":0,"893":0,"898":0,"900":0,"904":0,"909":0,"910":0,"912":0,"913":0,"916":0,"918":0,"920":0,"921":0,"923":0,"933":0,"934":0,"936":0,"938":0,"943":0,"947":0,"949":0,"953":0,"957":0,"959":0,"961":0,"962":0,"964":0,"986":5,"987":5,"990":5,"993":4,"999":3,"1005":3,"1011":3,"1015":3,"1017":3,"1020":3,"1023":3,"1026":3,"1029":3,"1068":7,"1075":6,"1084":1,"1085":1,"1086":1,"1087":1,"1088":1,"1089":1,"1090":1,"1091":1,"1092":1,"1093":1,"1095":1,"1117":0,"1123":0,"1129":0,"1135":0,"1136":0,"1137":0,"1138":0,"1139":0,"1140":0,"1142":0,"1155":0,"1156":0,"1160":0,"1162":0,"1167":0,"1173":0,"1174":0,"1176":0,"1185":0,"1187":0,"1189":0,"1194":0,"1196":0,"1200":0,"1201":0,"1205":0,"1207":0,"1213":0,"1218":0,"1220":0,"1222":0,"1243":7,"1246":7,"1249":6,"1255":4,"1258":4,"1280":5,"1283":5,"1285":4,"1290":3,"1295":1,"1296":0,"1301":0,"1307":0,"1311":0,"1312":0,"1316":0,"1320":0,"1323":0,"1331":1,"1332":1,"1336":0,"1338":0,"1343":0,"1348":0,"1350":0,"1352":0,"1353":0,"1376":0,"1378":0,"1383":0,"1388":0,"1394":0,"1396":0,"1398":0,"1400":0,"1401":0,"1402":0,"1403":0,"1406":0,"1408":0,"1409":0,"1410":0,"1413":0,"1428":0,"1431":0,"1434":0,"1441":0,"1447":0,"1450":0,"1465":0,"1468":0,"1471":0,"1477":0,"1480":0,"1486":0,"1489":0,"1508":1,"1511":1,"1517":1,"1518":1,"1520":1,"1539":0,"1542":0,"1548":0,"1549":0,"1551":0,"1570":0,"1576":0,"1582":0,"1588":0,"1589":0,"1590":0,"1611":2,"1614":1,"1616":1,"1637":2,"1640":2,"1643":1,"1646":1,"1649":1,"1663":1,"1669":1,"1671":1,"1673":1,"1680":0,"1682":0,"1683":0,"1685":0,"1725":5,"1757":15,"1758":5,"1760":4,"1762":5,"1764":1,"1789":23,"1790":23,"1792":23,"1793":1,"1794":1,"1796":22,"1797":21,"1798":21,"1800":1,"1801":1,"1805":23,"1808":23,"1828":23,"1831":23,"1850":3,"1852":3,"1858":0,"1860":0,"1866":0,"1868":0,"1874":0,"1876":0,"1887":10,"1910":24,"1913":24,"1939":3,"1940":3,"1942":3,"1959":26,"1960":26,"1961":26,"1965":0,"1966":0,"1967":0,"1969":0,"1970":0,"1971":0,"1974":0,"1975":0,"1976":0,"1980":0,"1993":0,"2006":0,"2019":0,"2032":0,"2040":0,"2044":0,"2050":0},"path":"/Users/rockers/Documents/Projects/crowdfunding-equity/contracts/EquityCrowdfunding.sol","s":{"1":37,"2":36,"3":30,"4":6,"5":85,"6":84,"7":82,"8":81,"9":79,"10":77,"11":77,"12":75,"13":73,"14":71,"15":2,"16":71,"17":64,"18":64,"19":64,"20":63,"21":62,"22":61,"23":61,"24":59,"25":58,"26":2,"27":57,"28":0,"29":0,"30":0,"31":0,"32":0,"33":57,"34":52,"35":57,"36":26,"37":57,"38":27,"39":27,"40":26,"41":2,"42":24,"43":24,"44":23,"45":23,"46":23,"47":23,"48":23,"49":23,"50":20,"51":20,"52":19,"53":19,"54":18,"55":17,"56":16,"57":15,"58":15,"59":0,"60":0,"61":0,"62":0,"63":0,"64":0,"65":0,"66":0,"67":0,"68":0,"69":0,"70":0,"71":0,"72":0,"73":0,"74":0,"75":0,"76":0,"77":0,"78":0,"79":0,"80":0,"81":0,"82":0,"83":0,"84":0,"85":0,"86":0,"87":0,"88":0,"89":0,"90":0,"91":5,"92":5,"93":5,"94":4,"95":3,"96":3,"97":3,"98":3,"99":3,"100":3,"101":7,"102":1,"103":0,"104":0,"105":0,"106":0,"107":0,"108":0,"109":0,"110":0,"111":0,"112":0,"113":0,"114":0,"115":0,"116":0,"117":0,"118":0,"119":0,"120":0,"121":0,"122":0,"123":7,"124":7,"125":6,"126":4,"127":5,"128":5,"129":4,"130":3,"131":1,"132":0,"133":0,"134":0,"135":1,"136":0,"137":0,"138":0,"139":0,"140":0,"141":0,"142":0,"143":0,"144":0,"145":0,"146":0,"147":0,"148":0,"149":0,"150":0,"151":0,"152":0,"153":0,"154":0,"155":0,"156":0,"157":0,"158":0,"159":0,"160":0,"161":0,"162":1,"163":1,"164":1,"165":0,"166":0,"167":0,"168":0,"169":0,"170":0,"171":0,"172":2,"173":1,"174":2,"175":2,"176":1,"177":1,"178":1,"179":1,"180":0,"181":0,"182":5,"183":15,"184":5,"185":10,"186":4,"187":6,"188":5,"189":1,"190":23,"191":23,"192":23,"193":22,"194":23,"195":23,"196":23,"197":23,"198":3,"199":3,"200":0,"201":0,"202":0,"203":0,"204":0,"205":0,"206":10,"207":24,"208":24,"209":3,"210":3,"211":3,"212":26,"213":26,"214":0,"215":0,"216":0,"217":0,"218":0,"219":0,"220":0,"221":0,"222":0,"223":0,"224":0,"225":0,"226":0,"227":0},"b":{"1":[36,1],"2":[6,30],"3":[2,1],"4":[1,1],"5":[1,1],"6":[1,1],"7":[3,27],"8":[1,1],"9":[1,1],"10":[5,1],"11":[2,3],"12":[85,1],"13":[84,1],"14":[82,2],"15":[81,1],"16":[79,2],"17":[1,80],"18":[77,2],"19":[75,2],"20":[73,2],"21":[71,2],"22":[70,1],"23":[1,1],"24":[64,0],"25":[63,1],"26":[62,1],"27":[61,1],"28":[59,2],"29":[58,1],"30":[2,56],"31":[1,1],"32":[0,57],"33":[0,0],"34":[0,0],"35":[0,0],"36":[0,0],"37":[52,5],"38":[26,31],"39":[27,0],"40":[26,1],"41":[2,24],"42":[1,1],"43":[23,1],"44":[1,22],"45":[23,1],"46":[23,0],"47":[20,0],"48":[19,1],"49":[19,0],"50":[18,1],"51":[17,1],"52":[16,1],"53":[15,1],"54":[0,0],"55":[0,0],"56":[0,0],"57":[0,0],"58":[0,0],"59":[0,0],"60":[0,0],"61":[0,0],"62":[0,0],"63":[0,0],"64":[0,0],"65":[0,0],"66":[0,0],"67":[0,0],"68":[0,0],"69":[0,0],"70":[0,0],"71":[0,0],"72":[0,0],"73":[5,0],"74":[4,1],"75":[3,1],"76":[3,0],"77":[7,1],"78":[6,1],"79":[2,1],"80":[1,1],"81":[1,1],"82":[1,1],"83":[0,0],"84":[0,0],"85":[0,0],"86":[0,0],"87":[0,0],"88":[0,0],"89":[0,0],"90":[0,0],"91":[0,0],"92":[0,0],"93":[0,0],"94":[0,0],"95":[0,0],"96":[0,0],"97":[0,0],"98":[0,0],"99":[0,0],"100":[0,0],"101":[0,0],"102":[7,1],"103":[6,1],"104":[4,2],"105":[5,1],"106":[4,1],"107":[3,1],"108":[1,2],"109":[0,1],"110":[0,0],"111":[0,0],"112":[0,0],"113":[0,0],"114":[0,0],"115":[0,0],"116":[0,0],"117":[0,0],"118":[0,0],"119":[0,0],"120":[0,0],"121":[0,0],"122":[0,0],"123":[0,0],"124":[0,0],"125":[0,0],"126":[0,0],"127":[0,0],"128":[0,0],"129":[0,0],"130":[0,0],"131":[1,0],"132":[1,0],"133":[1,0],"134":[0,0],"135":[0,0],"136":[0,0],"137":[0,0],"138":[0,0],"139":[0,0],"140":[0,0],"141":[2,1],"142":[1,1],"143":[2,1],"144":[2,0],"145":[1,1],"146":[1,0],"147":[1,0],"148":[0,0],"149":[0,0],"150":[5,10],"151":[4,6],"152":[5,1],"153":[1,22],"154":[21,1],"155":[0,0],"156":[0,0]},"f":{"1":37,"2":6,"3":85,"4":64,"5":27,"6":20,"7":0,"8":0,"9":0,"10":5,"11":7,"12":0,"13":0,"14":0,"15":0,"16":7,"17":5,"18":0,"19":0,"20":0,"21":0,"22":1,"23":0,"24":0,"25":2,"26":2,"27":1,"28":0,"29":5,"30":15,"31":23,"32":23,"33":3,"34":0,"35":0,"36":0,"37":10,"38":24,"39":3,"40":26,"41":0,"42":0,"43":0,"44":0,"45":0,"46":0,"47":0,"48":0},"fnMap":{"1":{"name":"constructor","line":401,"loc":{"start":{"line":386,"column":1},"end":{"line":444,"column":1}}},"2":{"name":"onlyOwnerAndDefender","line":449,"loc":{"start":{"line":449,"column":1},"end":{"line":455,"column":1}}},"3":{"name":"createProject","line":487,"loc":{"start":{"line":472,"column":1},"end":{"line":562,"column":1}}},"4":{"name":"investInProject","line":585,"loc":{"start":{"line":580,"column":1},"end":{"line":667,"column":1}}},"5":{"name":"claimInvestment","line":680,"loc":{"start":{"line":680,"column":1},"end":{"line":751,"column":1}}},"6":{"name":"processRepaymentInstallment","line":767,"loc":{"start":{"line":765,"column":1},"end":{"line":825,"column":1}}},"7":{"name":"putShareOnSell","line":827,"loc":{"start":{"line":827,"column":1},"end":{"line":872,"column":1}}},"8":{"name":"buyShare","line":877,"loc":{"start":{"line":874,"column":1},"end":{"line":930,"column":1}}},"9":{"name":"withSoldShareEarnings","line":932,"loc":{"start":{"line":932,"column":1},"end":{"line":965,"column":1}}},"10":{"name":"withdrawRepayment","line":984,"loc":{"start":{"line":984,"column":1},"end":{"line":1030,"column":1}}},"11":{"name":"setPlatformFees","line":1067,"loc":{"start":{"line":1056,"column":1},"end":{"line":1107,"column":1}}},"12":{"name":"setSecondaryMarketFees","line":1116,"loc":{"start":{"line":1109,"column":1},"end":{"line":1150,"column":1}}},"13":{"name":"revertRemainingShare","line":1154,"loc":{"start":{"line":1152,"column":1},"end":{"line":1182,"column":1}}},"14":{"name":"approveSellRequest","line":1184,"loc":{"start":{"line":1184,"column":1},"end":{"line":1197,"column":1}}},"15":{"name":"rejectSellRequest","line":1199,"loc":{"start":{"line":1199,"column":1},"end":{"line":1223,"column":1}}},"16":{"name":"setProjectStatusInactive","line":1242,"loc":{"start":{"line":1242,"column":1},"end":{"line":1259,"column":1}}},"17":{"name":"setProjectStatusUnsuccessful","line":1279,"loc":{"start":{"line":1277,"column":1},"end":{"line":1333,"column":1}}},"18":{"name":"withdrawRefund","line":1335,"loc":{"start":{"line":1335,"column":1},"end":{"line":1354,"column":1}}},"19":{"name":"refundInvestment","line":1375,"loc":{"start":{"line":1371,"column":1},"end":{"line":1414,"column":1}}},"20":{"name":"setProjectStatusActive","line":1427,"loc":{"start":{"line":1427,"column":1},"end":{"line":1451,"column":1}}},"21":{"name":"setProjectStatusPending","line":1464,"loc":{"start":{"line":1464,"column":1},"end":{"line":1490,"column":1}}},"22":{"name":"setEndDaysRange","line":1506,"loc":{"start":{"line":1503,"column":1},"end":{"line":1521,"column":1}}},"23":{"name":"setTermLengthRange","line":1537,"loc":{"start":{"line":1534,"column":1},"end":{"line":1552,"column":1}}},"24":{"name":"setInterestRateRange","line":1568,"loc":{"start":{"line":1565,"column":1},"end":{"line":1591,"column":1}}},"25":{"name":"updateDefender","line":1609,"loc":{"start":{"line":1609,"column":1},"end":{"line":1617,"column":1}}},"26":{"name":"withdrawEarning","line":1635,"loc":{"start":{"line":1635,"column":1},"end":{"line":1650,"column":1}}},"27":{"name":"setInvestmentAmtLimit","line":1662,"loc":{"start":{"line":1659,"column":1},"end":{"line":1674,"column":1}}},"28":{"name":"setGoalAmountLimit","line":1679,"loc":{"start":{"line":1676,"column":1},"end":{"line":1686,"column":1}}},"29":{"name":"getPlatformFees","line":1709,"loc":{"start":{"line":1709,"column":1},"end":{"line":1737,"column":1}}},"30":{"name":"getNextPaymentDate","line":1753,"loc":{"start":{"line":1753,"column":1},"end":{"line":1766,"column":1}}},"31":{"name":"calculatePlatformFees","line":1783,"loc":{"start":{"line":1783,"column":1},"end":{"line":1809,"column":1}}},"32":{"name":"calculateGatewayFee","line":1824,"loc":{"start":{"line":1824,"column":1},"end":{"line":1832,"column":1}}},"33":{"name":"calculateInvestorFee","line":1847,"loc":{"start":{"line":1847,"column":1},"end":{"line":1853,"column":1}}},"34":{"name":"calculateSellerProcessingFees","line":1855,"loc":{"start":{"line":1855,"column":1},"end":{"line":1861,"column":1}}},"35":{"name":"calculateSellerSuccessFees","line":1863,"loc":{"start":{"line":1863,"column":1},"end":{"line":1869,"column":1}}},"36":{"name":"calculateBuyerProcessingFees","line":1871,"loc":{"start":{"line":1871,"column":1},"end":{"line":1877,"column":1}}},"37":{"name":"getInvestorCount","line":1886,"loc":{"start":{"line":1886,"column":1},"end":{"line":1888,"column":1}}},"38":{"name":"calculateRepaymentInstallment","line":1905,"loc":{"start":{"line":1905,"column":1},"end":{"line":1914,"column":1}}},"39":{"name":"calculateInvestmentRepaymentShare","line":1934,"loc":{"start":{"line":1934,"column":1},"end":{"line":1943,"column":1}}},"40":{"name":"setProjectStatusSuccessful","line":1958,"loc":{"start":{"line":1958,"column":1},"end":{"line":1962,"column":1}}},"41":{"name":"removeInvestor","line":1964,"loc":{"start":{"line":1964,"column":1},"end":{"line":1981,"column":1}}},"42":{"name":"getEndDaysRange","line":1988,"loc":{"start":{"line":1988,"column":1},"end":{"line":1994,"column":1}}},"43":{"name":"getTermLengthRange","line":2001,"loc":{"start":{"line":2001,"column":1},"end":{"line":2007,"column":1}}},"44":{"name":"getInterestRate","line":2014,"loc":{"start":{"line":2014,"column":1},"end":{"line":2020,"column":1}}},"45":{"name":"getInvestmentValueLimit","line":2027,"loc":{"start":{"line":2027,"column":1},"end":{"line":2033,"column":1}}},"46":{"name":"getGoalAmountLimit","line":2035,"loc":{"start":{"line":2035,"column":1},"end":{"line":2041,"column":1}}},"47":{"name":"getDefenderAddress","line":2043,"loc":{"start":{"line":2043,"column":1},"end":{"line":2045,"column":1}}},"48":{"name":"isSellRequestExists","line":2047,"loc":{"start":{"line":2047,"column":1},"end":{"line":2051,"column":1}}}},"statementMap":{"1":{"start":{"line":402,"column":2},"end":{"line":402,"column":60}},"2":{"start":{"line":404,"column":2},"end":{"line":404,"column":13915}},"3":{"start":{"line":419,"column":2},"end":{"line":419,"column":14355}},"4":{"start":{"line":450,"column":2},"end":{"line":450,"column":15584}},"5":{"start":{"line":488,"column":2},"end":{"line":488,"column":58}},"6":{"start":{"line":489,"column":2},"end":{"line":489,"column":16944}},"7":{"start":{"line":494,"column":2},"end":{"line":494,"column":17082}},"8":{"start":{"line":498,"column":2},"end":{"line":498,"column":17184}},"9":{"start":{"line":504,"column":2},"end":{"line":504,"column":17374}},"10":{"start":{"line":509,"column":2},"end":{"line":509,"column":23}},"11":{"start":{"line":510,"column":2},"end":{"line":510,"column":17528}},"12":{"start":{"line":511,"column":3},"end":{"line":511,"column":17575}},"13":{"start":{"line":516,"column":3},"end":{"line":516,"column":17700}},"14":{"start":{"line":521,"column":3},"end":{"line":521,"column":17811}},"15":{"start":{"line":526,"column":3},"end":{"line":526,"column":61}},"16":{"start":{"line":553,"column":2},"end":{"line":553,"column":18399}},"17":{"start":{"line":587,"column":2},"end":{"line":587,"column":47}},"18":{"start":{"line":588,"column":2},"end":{"line":588,"column":69}},"19":{"start":{"line":591,"column":2},"end":{"line":591,"column":65}},"20":{"start":{"line":594,"column":2},"end":{"line":594,"column":20438}},"21":{"start":{"line":600,"column":2},"end":{"line":600,"column":20600}},"22":{"start":{"line":607,"column":2},"end":{"line":607,"column":38}},"23":{"start":{"line":610,"column":2},"end":{"line":610,"column":20917}},"24":{"start":{"line":614,"column":2},"end":{"line":614,"column":21023}},"25":{"start":{"line":620,"column":2},"end":{"line":620,"column":21212}},"26":{"start":{"line":621,"column":3},"end":{"line":621,"column":21318}},"27":{"start":{"line":625,"column":2},"end":{"line":625,"column":21356}},"28":{"start":{"line":626,"column":3},"end":{"line":626,"column":62}},"29":{"start":{"line":627,"column":3},"end":{"line":627,"column":65}},"30":{"start":{"line":628,"column":3},"end":{"line":628,"column":21546}},"31":{"start":{"line":632,"column":3},"end":{"line":632,"column":63}},"32":{"start":{"line":633,"column":3},"end":{"line":633,"column":21708}},"33":{"start":{"line":640,"column":2},"end":{"line":640,"column":21892}},"34":{"start":{"line":641,"column":3},"end":{"line":641,"column":50}},"35":{"start":{"line":655,"column":2},"end":{"line":655,"column":22559}},"36":{"start":{"line":656,"column":3},"end":{"line":656,"column":39}},"37":{"start":{"line":660,"column":2},"end":{"line":660,"column":22728}},"38":{"start":{"line":682,"column":2},"end":{"line":682,"column":47}},"39":{"start":{"line":685,"column":2},"end":{"line":685,"column":65}},"40":{"start":{"line":688,"column":2},"end":{"line":688,"column":24119}},"41":{"start":{"line":689,"column":3},"end":{"line":689,"column":24153}},"42":{"start":{"line":694,"column":3},"end":{"line":694,"column":24267}},"43":{"start":{"line":702,"column":2},"end":{"line":702,"column":24480}},"44":{"start":{"line":708,"column":2},"end":{"line":708,"column":51}},"45":{"start":{"line":711,"column":2},"end":{"line":711,"column":24738}},"46":{"start":{"line":723,"column":2},"end":{"line":723,"column":62}},"47":{"start":{"line":728,"column":2},"end":{"line":728,"column":25247}},"48":{"start":{"line":747,"column":2},"end":{"line":747,"column":50}},"49":{"start":{"line":750,"column":2},"end":{"line":750,"column":68}},"50":{"start":{"line":769,"column":2},"end":{"line":769,"column":47}},"51":{"start":{"line":772,"column":2},"end":{"line":772,"column":67}},"52":{"start":{"line":774,"column":2},"end":{"line":774,"column":27335}},"53":{"start":{"line":780,"column":2},"end":{"line":780,"column":27501}},"54":{"start":{"line":786,"column":2},"end":{"line":786,"column":27660}},"55":{"start":{"line":792,"column":2},"end":{"line":792,"column":72}},"56":{"start":{"line":795,"column":2},"end":{"line":795,"column":27949}},"57":{"start":{"line":810,"column":2},"end":{"line":810,"column":28472}},"58":{"start":{"line":820,"column":2},"end":{"line":820,"column":28792}},"59":{"start":{"line":833,"column":2},"end":{"line":833,"column":47}},"60":{"start":{"line":834,"column":2},"end":{"line":834,"column":69}},"61":{"start":{"line":835,"column":2},"end":{"line":835,"column":62}},"62":{"start":{"line":837,"column":2},"end":{"line":837,"column":29229}},"63":{"start":{"line":841,"column":2},"end":{"line":841,"column":61}},"64":{"start":{"line":842,"column":2},"end":{"line":842,"column":29380}},"65":{"start":{"line":846,"column":2},"end":{"line":846,"column":29483}},"66":{"start":{"line":850,"column":2},"end":{"line":850,"column":29571}},"67":{"start":{"line":864,"column":2},"end":{"line":864,"column":30041}},"68":{"start":{"line":878,"column":2},"end":{"line":878,"column":63}},"69":{"start":{"line":879,"column":2},"end":{"line":879,"column":59}},"70":{"start":{"line":880,"column":2},"end":{"line":880,"column":30401}},"71":{"start":{"line":884,"column":2},"end":{"line":884,"column":69}},"72":{"start":{"line":885,"column":2},"end":{"line":885,"column":30563}},"73":{"start":{"line":889,"column":2},"end":{"line":889,"column":30649}},"74":{"start":{"line":893,"column":2},"end":{"line":893,"column":30737}},"75":{"start":{"line":898,"column":2},"end":{"line":898,"column":73}},"76":{"start":{"line":900,"column":2},"end":{"line":900,"column":30920}},"77":{"start":{"line":904,"column":2},"end":{"line":904,"column":31010}},"78":{"start":{"line":912,"column":2},"end":{"line":912,"column":31229}},"79":{"start":{"line":923,"column":2},"end":{"line":923,"column":31538}},"80":{"start":{"line":933,"column":2},"end":{"line":933,"column":62}},"81":{"start":{"line":934,"column":2},"end":{"line":934,"column":71}},"82":{"start":{"line":936,"column":2},"end":{"line":936,"column":71}},"83":{"start":{"line":938,"column":2},"end":{"line":938,"column":31951}},"84":{"start":{"line":943,"column":2},"end":{"line":943,"column":32038}},"85":{"start":{"line":947,"column":2},"end":{"line":947,"column":60}},"86":{"start":{"line":949,"column":2},"end":{"line":949,"column":32195}},"87":{"start":{"line":953,"column":2},"end":{"line":953,"column":32285}},"88":{"start":{"line":957,"column":2},"end":{"line":957,"column":53}},"89":{"start":{"line":959,"column":2},"end":{"line":959,"column":65}},"90":{"start":{"line":964,"column":2},"end":{"line":964,"column":49}},"91":{"start":{"line":986,"column":2},"end":{"line":986,"column":47}},"92":{"start":{"line":987,"column":2},"end":{"line":987,"column":69}},"93":{"start":{"line":990,"column":2},"end":{"line":990,"column":71}},"94":{"start":{"line":993,"column":2},"end":{"line":993,"column":34056}},"95":{"start":{"line":999,"column":2},"end":{"line":999,"column":34225}},"96":{"start":{"line":1005,"column":2},"end":{"line":1005,"column":34464}},"97":{"start":{"line":1011,"column":2},"end":{"line":1011,"column":34741}},"98":{"start":{"line":1015,"column":2},"end":{"line":1015,"column":60}},"99":{"start":{"line":1026,"column":2},"end":{"line":1026,"column":50}},"100":{"start":{"line":1029,"column":2},"end":{"line":1029,"column":67}},"101":{"start":{"line":1068,"column":2},"end":{"line":1068,"column":37785}},"102":{"start":{"line":1095,"column":2},"end":{"line":1095,"column":38848}},"103":{"start":{"line":1117,"column":2},"end":{"line":1117,"column":39481}},"104":{"start":{"line":1123,"column":2},"end":{"line":1123,"column":39630}},"105":{"start":{"line":1129,"column":2},"end":{"line":1129,"column":39787}},"106":{"start":{"line":1142,"column":2},"end":{"line":1142,"column":40309}},"107":{"start":{"line":1155,"column":2},"end":{"line":1155,"column":62}},"108":{"start":{"line":1156,"column":2},"end":{"line":1156,"column":40688}},"109":{"start":{"line":1160,"column":2},"end":{"line":1160,"column":71}},"110":{"start":{"line":1162,"column":2},"end":{"line":1162,"column":40859}},"111":{"start":{"line":1167,"column":2},"end":{"line":1167,"column":40961}},"112":{"start":{"line":1176,"column":2},"end":{"line":1176,"column":41190}},"113":{"start":{"line":1185,"column":2},"end":{"line":1185,"column":62}},"114":{"start":{"line":1187,"column":2},"end":{"line":1187,"column":71}},"115":{"start":{"line":1189,"column":2},"end":{"line":1189,"column":41529}},"116":{"start":{"line":1196,"column":2},"end":{"line":1196,"column":55}},"117":{"start":{"line":1200,"column":2},"end":{"line":1200,"column":62}},"118":{"start":{"line":1201,"column":2},"end":{"line":1201,"column":41873}},"119":{"start":{"line":1205,"column":2},"end":{"line":1205,"column":71}},"120":{"start":{"line":1207,"column":2},"end":{"line":1207,"column":42044}},"121":{"start":{"line":1213,"column":2},"end":{"line":1213,"column":42208}},"122":{"start":{"line":1222,"column":2},"end":{"line":1222,"column":55}},"123":{"start":{"line":1243,"column":2},"end":{"line":1243,"column":47}},"124":{"start":{"line":1246,"column":2},"end":{"line":1246,"column":65}},"125":{"start":{"line":1249,"column":2},"end":{"line":1249,"column":43660}},"126":{"start":{"line":1258,"column":2},"end":{"line":1258,"column":61}},"127":{"start":{"line":1280,"column":2},"end":{"line":1280,"column":47}},"128":{"start":{"line":1283,"column":2},"end":{"line":1283,"column":65}},"129":{"start":{"line":1285,"column":2},"end":{"line":1285,"column":45224}},"130":{"start":{"line":1290,"column":2},"end":{"line":1290,"column":45340}},"131":{"start":{"line":1295,"column":2},"end":{"line":1295,"column":45442}},"132":{"start":{"line":1296,"column":3},"end":{"line":1296,"column":45507}},"133":{"start":{"line":1311,"column":4},"end":{"line":1311,"column":45890}},"134":{"start":{"line":1323,"column":4},"end":{"line":1323,"column":46264}},"135":{"start":{"line":1332,"column":2},"end":{"line":1332,"column":61}},"136":{"start":{"line":1336,"column":2},"end":{"line":1336,"column":47}},"137":{"start":{"line":1338,"column":2},"end":{"line":1338,"column":46660}},"138":{"start":{"line":1343,"column":2},"end":{"line":1343,"column":46783}},"139":{"start":{"line":1348,"column":2},"end":{"line":1348,"column":57}},"140":{"start":{"line":1352,"column":2},"end":{"line":1352,"column":43}},"141":{"start":{"line":1353,"column":2},"end":{"line":1353,"column":58}},"142":{"start":{"line":1376,"column":2},"end":{"line":1376,"column":47}},"143":{"start":{"line":1378,"column":2},"end":{"line":1378,"column":47835}},"144":{"start":{"line":1383,"column":2},"end":{"line":1383,"column":47946}},"145":{"start":{"line":1388,"column":2},"end":{"line":1388,"column":48055}},"146":{"start":{"line":1400,"column":2},"end":{"line":1400,"column":48352}},"147":{"start":{"line":1401,"column":3},"end":{"line":1401,"column":56}},"148":{"start":{"line":1408,"column":2},"end":{"line":1408,"column":48625}},"149":{"start":{"line":1410,"column":3},"end":{"line":1410,"column":37}},"150":{"start":{"line":1413,"column":2},"end":{"line":1413,"column":57}},"151":{"start":{"line":1428,"column":2},"end":{"line":1428,"column":47}},"152":{"start":{"line":1431,"column":2},"end":{"line":1431,"column":65}},"153":{"start":{"line":1434,"column":2},"end":{"line":1434,"column":49702}},"154":{"start":{"line":1441,"column":2},"end":{"line":1441,"column":49954}},"155":{"start":{"line":1450,"column":2},"end":{"line":1450,"column":61}},"156":{"start":{"line":1465,"column":2},"end":{"line":1465,"column":47}},"157":{"start":{"line":1468,"column":2},"end":{"line":1468,"column":65}},"158":{"start":{"line":1471,"column":2},"end":{"line":1471,"column":51121}},"159":{"start":{"line":1477,"column":2},"end":{"line":1477,"column":70}},"160":{"start":{"line":1480,"column":2},"end":{"line":1480,"column":51421}},"161":{"start":{"line":1489,"column":2},"end":{"line":1489,"column":61}},"162":{"start":{"line":1508,"column":2},"end":{"line":1508,"column":50}},"163":{"start":{"line":1511,"column":2},"end":{"line":1511,"column":52440}},"164":{"start":{"line":1520,"column":2},"end":{"line":1520,"column":46}},"165":{"start":{"line":1539,"column":2},"end":{"line":1539,"column":59}},"166":{"start":{"line":1542,"column":2},"end":{"line":1542,"column":53547}},"167":{"start":{"line":1551,"column":2},"end":{"line":1551,"column":65}},"168":{"start":{"line":1570,"column":2},"end":{"line":1570,"column":54646}},"169":{"start":{"line":1576,"column":2},"end":{"line":1576,"column":54794}},"170":{"start":{"line":1582,"column":2},"end":{"line":1582,"column":54945}},"171":{"start":{"line":1590,"column":2},"end":{"line":1590,"column":67}},"172":{"start":{"line":1611,"column":2},"end":{"line":1611,"column":67}},"173":{"start":{"line":1616,"column":2},"end":{"line":1616,"column":32}},"174":{"start":{"line":1637,"column":2},"end":{"line":1637,"column":49}},"175":{"start":{"line":1640,"column":2},"end":{"line":1640,"column":60}},"176":{"start":{"line":1646,"column":2},"end":{"line":1646,"column":47}},"177":{"start":{"line":1649,"column":2},"end":{"line":1649,"column":55}},"178":{"start":{"line":1663,"column":2},"end":{"line":1663,"column":58125}},"179":{"start":{"line":1673,"column":2},"end":{"line":1673,"column":71}},"180":{"start":{"line":1680,"column":2},"end":{"line":1680,"column":67}},"181":{"start":{"line":1685,"column":2},"end":{"line":1685,"column":70}},"182":{"start":{"line":1725,"column":2},"end":{"line":1725,"column":60527}},"183":{"start":{"line":1757,"column":2},"end":{"line":1757,"column":61701}},"184":{"start":{"line":1758,"column":3},"end":{"line":1758,"column":33}},"185":{"start":{"line":1759,"column":9},"end":{"line":1759,"column":61792}},"186":{"start":{"line":1760,"column":3},"end":{"line":1760,"column":32}},"187":{"start":{"line":1761,"column":9},"end":{"line":1761,"column":61885}},"188":{"start":{"line":1762,"column":3},"end":{"line":1762,"column":32}},"189":{"start":{"line":1764,"column":3},"end":{"line":1764,"column":31}},"190":{"start":{"line":1789,"column":2},"end":{"line":1789,"column":28}},"191":{"start":{"line":1790,"column":2},"end":{"line":1790,"column":24}},"192":{"start":{"line":1792,"column":2},"end":{"line":1792,"column":63106}},"193":{"start":{"line":1796,"column":3},"end":{"line":1796,"column":63240}},"194":{"start":{"line":1805,"column":2},"end":{"line":1805,"column":63596}},"195":{"start":{"line":1808,"column":2},"end":{"line":1808,"column":20}},"196":{"start":{"line":1828,"column":2},"end":{"line":1828,"column":64553}},"197":{"start":{"line":1831,"column":2},"end":{"line":1831,"column":19}},"198":{"start":{"line":1850,"column":2},"end":{"line":1850,"column":65433}},"199":{"start":{"line":1852,"column":2},"end":{"line":1852,"column":20}},"200":{"start":{"line":1858,"column":2},"end":{"line":1858,"column":65705}},"201":{"start":{"line":1860,"column":2},"end":{"line":1860,"column":25}},"202":{"start":{"line":1866,"column":2},"end":{"line":1866,"column":65949}},"203":{"start":{"line":1868,"column":2},"end":{"line":1868,"column":22}},"204":{"start":{"line":1874,"column":2},"end":{"line":1874,"column":66193}},"205":{"start":{"line":1876,"column":2},"end":{"line":1876,"column":25}},"206":{"start":{"line":1887,"column":2},"end":{"line":1887,"column":47}},"207":{"start":{"line":1910,"column":2},"end":{"line":1910,"column":67887}},"208":{"start":{"line":1913,"column":2},"end":{"line":1913,"column":24}},"209":{"start":{"line":1939,"column":2},"end":{"line":1939,"column":64}},"210":{"start":{"line":1940,"column":2},"end":{"line":1940,"column":69328}},"211":{"start":{"line":1942,"column":2},"end":{"line":1942,"column":22}},"212":{"start":{"line":1959,"column":2},"end":{"line":1959,"column":47}},"213":{"start":{"line":1961,"column":2},"end":{"line":1961,"column":61}},"214":{"start":{"line":1965,"column":2},"end":{"line":1965,"column":63}},"215":{"start":{"line":1966,"column":2},"end":{"line":1966,"column":35}},"216":{"start":{"line":1967,"column":2},"end":{"line":1967,"column":20}},"217":{"start":{"line":1969,"column":2},"end":{"line":1969,"column":70509}},"218":{"start":{"line":1970,"column":3},"end":{"line":1970,"column":70552}},"219":{"start":{"line":1975,"column":4},"end":{"line":1975,"column":18}},"220":{"start":{"line":1980,"column":2},"end":{"line":1980,"column":52}},"221":{"start":{"line":1993,"column":2},"end":{"line":1993,"column":29}},"222":{"start":{"line":2006,"column":2},"end":{"line":2006,"column":41}},"223":{"start":{"line":2019,"column":2},"end":{"line":2019,"column":45}},"224":{"start":{"line":2032,"column":2},"end":{"line":2032,"column":55}},"225":{"start":{"line":2040,"column":2},"end":{"line":2040,"column":47}},"226":{"start":{"line":2044,"column":2},"end":{"line":2044,"column":18}},"227":{"start":{"line":2050,"column":2},"end":{"line":2050,"column":56}}},"branchMap":{"1":{"line":402,"type":"if","locations":[{"start":{"line":402,"column":2},"end":{"line":402,"column":2}},{"start":{"line":402,"column":2},"end":{"line":402,"column":2}}]},"2":{"line":404,"type":"if","locations":[{"start":{"line":404,"column":2},"end":{"line":404,"column":2}},{"start":{"line":404,"column":2},"end":{"line":404,"column":2}}]},"3":{"line":405,"type":"cond-expr","locations":[{"start":{"line":405,"column":3},"end":{"line":405,"column":35}},{"start":{"line":406,"column":3},"end":{"line":406,"column":48}}]},"4":{"line":405,"type":"cond-expr","locations":[{"start":{"line":405,"column":3},"end":{"line":406,"column":48}},{"start":{"line":407,"column":3},"end":{"line":407,"column":50}}]},"5":{"line":405,"type":"cond-expr","locations":[{"start":{"line":405,"column":3},"end":{"line":407,"column":50}},{"start":{"line":408,"column":3},"end":{"line":408,"column":31}}]},"6":{"line":405,"type":"cond-expr","locations":[{"start":{"line":405,"column":3},"end":{"line":408,"column":31}},{"start":{"line":409,"column":3},"end":{"line":409,"column":30}}]},"7":{"line":419,"type":"if","locations":[{"start":{"line":419,"column":2},"end":{"line":419,"column":2}},{"start":{"line":419,"column":2},"end":{"line":419,"column":2}}]},"8":{"line":420,"type":"cond-expr","locations":[{"start":{"line":420,"column":3},"end":{"line":420,"column":40}},{"start":{"line":421,"column":3},"end":{"line":421,"column":37}}]},"9":{"line":420,"type":"cond-expr","locations":[{"start":{"line":420,"column":3},"end":{"line":421,"column":37}},{"start":{"line":422,"column":3},"end":{"line":422,"column":39}}]},"10":{"line":450,"type":"if","locations":[{"start":{"line":450,"column":2},"end":{"line":450,"column":2}},{"start":{"line":450,"column":2},"end":{"line":450,"column":2}}]},"11":{"line":451,"type":"cond-expr","locations":[{"start":{"line":451,"column":3},"end":{"line":451,"column":23}},{"start":{"line":451,"column":28},"end":{"line":451,"column":50}}]},"12":{"line":487,"type":"if","locations":[{"start":{"line":487,"column":12},"end":{"line":487,"column":12}},{"start":{"line":487,"column":12},"end":{"line":487,"column":12}}]},"13":{"line":488,"type":"if","locations":[{"start":{"line":488,"column":2},"end":{"line":488,"column":2}},{"start":{"line":488,"column":2},"end":{"line":488,"column":2}}]},"14":{"line":489,"type":"if","locations":[{"start":{"line":489,"column":2},"end":{"line":489,"column":2}},{"start":{"line":489,"column":2},"end":{"line":489,"column":2}}]},"15":{"line":494,"type":"if","locations":[{"start":{"line":494,"column":2},"end":{"line":494,"column":2}},{"start":{"line":494,"column":2},"end":{"line":494,"column":2}}]},"16":{"line":498,"type":"if","locations":[{"start":{"line":498,"column":2},"end":{"line":498,"column":2}},{"start":{"line":498,"column":2},"end":{"line":498,"column":2}}]},"17":{"line":500,"type":"if","locations":[{"start":{"line":500,"column":6},"end":{"line":500,"column":48}},{"start":{"line":501,"column":6},"end":{"line":501,"column":43}}]},"18":{"line":504,"type":"if","locations":[{"start":{"line":504,"column":2},"end":{"line":504,"column":2}},{"start":{"line":504,"column":2},"end":{"line":504,"column":2}}]},"19":{"line":510,"type":"if","locations":[{"start":{"line":510,"column":2},"end":{"line":510,"column":2}},{"start":{"line":510,"column":2},"end":{"line":510,"column":2}}]},"20":{"line":511,"type":"if","locations":[{"start":{"line":511,"column":3},"end":{"line":511,"column":3}},{"start":{"line":511,"column":3},"end":{"line":511,"column":3}}]},"21":{"line":516,"type":"if","locations":[{"start":{"line":516,"column":3},"end":{"line":516,"column":3}},{"start":{"line":516,"column":3},"end":{"line":516,"column":3}}]},"22":{"line":521,"type":"if","locations":[{"start":{"line":521,"column":3},"end":{"line":521,"column":3}},{"start":{"line":521,"column":3},"end":{"line":521,"column":3}}]},"23":{"line":526,"type":"if","locations":[{"start":{"line":526,"column":3},"end":{"line":526,"column":3}},{"start":{"line":526,"column":3},"end":{"line":526,"column":3}}]},"24":{"line":585,"type":"if","locations":[{"start":{"line":585,"column":20},"end":{"line":585,"column":20}},{"start":{"line":585,"column":20},"end":{"line":585,"column":20}}]},"25":{"line":591,"type":"if","locations":[{"start":{"line":591,"column":2},"end":{"line":591,"column":2}},{"start":{"line":591,"column":2},"end":{"line":591,"column":2}}]},"26":{"line":594,"type":"if","locations":[{"start":{"line":594,"column":2},"end":{"line":594,"column":2}},{"start":{"line":594,"column":2},"end":{"line":594,"column":2}}]},"27":{"line":600,"type":"if","locations":[{"start":{"line":600,"column":2},"end":{"line":600,"column":2}},{"start":{"line":600,"column":2},"end":{"line":600,"column":2}}]},"28":{"line":610,"type":"if","locations":[{"start":{"line":610,"column":2},"end":{"line":610,"column":2}},{"start":{"line":610,"column":2},"end":{"line":610,"column":2}}]},"29":{"line":614,"type":"if","locations":[{"start":{"line":614,"column":2},"end":{"line":614,"column":2}},{"start":{"line":614,"column":2},"end":{"line":614,"column":2}}]},"30":{"line":620,"type":"if","locations":[{"start":{"line":620,"column":2},"end":{"line":620,"column":2}},{"start":{"line":620,"column":2},"end":{"line":620,"column":2}}]},"31":{"line":621,"type":"if","locations":[{"start":{"line":621,"column":3},"end":{"line":621,"column":3}},{"start":{"line":621,"column":3},"end":{"line":621,"column":3}}]},"32":{"line":625,"type":"if","locations":[{"start":{"line":625,"column":2},"end":{"line":625,"column":2}},{"start":{"line":625,"column":2},"end":{"line":625,"column":2}}]},"33":{"line":626,"type":"if","locations":[{"start":{"line":626,"column":3},"end":{"line":626,"column":3}},{"start":{"line":626,"column":3},"end":{"line":626,"column":3}}]},"34":{"line":627,"type":"if","locations":[{"start":{"line":627,"column":3},"end":{"line":627,"column":3}},{"start":{"line":627,"column":3},"end":{"line":627,"column":3}}]},"35":{"line":628,"type":"if","locations":[{"start":{"line":628,"column":3},"end":{"line":628,"column":3}},{"start":{"line":628,"column":3},"end":{"line":628,"column":3}}]},"36":{"line":633,"type":"if","locations":[{"start":{"line":633,"column":3},"end":{"line":633,"column":3}},{"start":{"line":633,"column":3},"end":{"line":633,"column":3}}]},"37":{"line":640,"type":"if","locations":[{"start":{"line":640,"column":2},"end":{"line":640,"column":2}},{"start":{"line":640,"column":2},"end":{"line":640,"column":2}}]},"38":{"line":655,"type":"if","locations":[{"start":{"line":655,"column":2},"end":{"line":655,"column":2}},{"start":{"line":655,"column":2},"end":{"line":655,"column":2}}]},"39":{"line":680,"type":"if","locations":[{"start":{"line":680,"column":54},"end":{"line":680,"column":54}},{"start":{"line":680,"column":54},"end":{"line":680,"column":54}}]},"40":{"line":685,"type":"if","locations":[{"start":{"line":685,"column":2},"end":{"line":685,"column":2}},{"start":{"line":685,"column":2},"end":{"line":685,"column":2}}]},"41":{"line":688,"type":"if","locations":[{"start":{"line":688,"column":2},"end":{"line":688,"column":2}},{"start":{"line":688,"column":2},"end":{"line":688,"column":2}}]},"42":{"line":689,"type":"if","locations":[{"start":{"line":689,"column":3},"end":{"line":689,"column":3}},{"start":{"line":689,"column":3},"end":{"line":689,"column":3}}]},"43":{"line":694,"type":"if","locations":[{"start":{"line":694,"column":3},"end":{"line":694,"column":3}},{"start":{"line":694,"column":3},"end":{"line":694,"column":3}}]},"44":{"line":695,"type":"cond-expr","locations":[{"start":{"line":695,"column":4},"end":{"line":695,"column":37}},{"start":{"line":696,"column":5},"end":{"line":696,"column":53}}]},"45":{"line":702,"type":"if","locations":[{"start":{"line":702,"column":2},"end":{"line":702,"column":2}},{"start":{"line":702,"column":2},"end":{"line":702,"column":2}}]},"46":{"line":728,"type":"if","locations":[{"start":{"line":728,"column":2},"end":{"line":728,"column":2}},{"start":{"line":728,"column":2},"end":{"line":728,"column":2}}]},"47":{"line":767,"type":"if","locations":[{"start":{"line":767,"column":20},"end":{"line":767,"column":20}},{"start":{"line":767,"column":20},"end":{"line":767,"column":20}}]},"48":{"line":772,"type":"if","locations":[{"start":{"line":772,"column":2},"end":{"line":772,"column":2}},{"start":{"line":772,"column":2},"end":{"line":772,"column":2}}]},"49":{"line":774,"type":"if","locations":[{"start":{"line":774,"column":2},"end":{"line":774,"column":2}},{"start":{"line":774,"column":2},"end":{"line":774,"column":2}}]},"50":{"line":780,"type":"if","locations":[{"start":{"line":780,"column":2},"end":{"line":780,"column":2}},{"start":{"line":780,"column":2},"end":{"line":780,"column":2}}]},"51":{"line":786,"type":"if","locations":[{"start":{"line":786,"column":2},"end":{"line":786,"column":2}},{"start":{"line":786,"column":2},"end":{"line":786,"column":2}}]},"52":{"line":792,"type":"if","locations":[{"start":{"line":792,"column":2},"end":{"line":792,"column":2}},{"start":{"line":792,"column":2},"end":{"line":792,"column":2}}]},"53":{"line":795,"type":"if","locations":[{"start":{"line":795,"column":2},"end":{"line":795,"column":2}},{"start":{"line":795,"column":2},"end":{"line":795,"column":2}}]},"54":{"line":837,"type":"if","locations":[{"start":{"line":837,"column":2},"end":{"line":837,"column":2}},{"start":{"line":837,"column":2},"end":{"line":837,"column":2}}]},"55":{"line":841,"type":"if","locations":[{"start":{"line":841,"column":2},"end":{"line":841,"column":2}},{"start":{"line":841,"column":2},"end":{"line":841,"column":2}}]},"56":{"line":842,"type":"if","locations":[{"start":{"line":842,"column":2},"end":{"line":842,"column":2}},{"start":{"line":842,"column":2},"end":{"line":842,"column":2}}]},"57":{"line":846,"type":"if","locations":[{"start":{"line":846,"column":2},"end":{"line":846,"column":2}},{"start":{"line":846,"column":2},"end":{"line":846,"column":2}}]},"58":{"line":850,"type":"if","locations":[{"start":{"line":850,"column":2},"end":{"line":850,"column":2}},{"start":{"line":850,"column":2},"end":{"line":850,"column":2}}]},"59":{"line":861,"type":"if","locations":[{"start":{"line":861,"column":5},"end":{"line":861,"column":22}},{"start":{"line":862,"column":5},"end":{"line":862,"column":26}}]},"60":{"line":877,"type":"if","locations":[{"start":{"line":877,"column":20},"end":{"line":877,"column":20}},{"start":{"line":877,"column":20},"end":{"line":877,"column":20}}]},"61":{"line":884,"type":"if","locations":[{"start":{"line":884,"column":2},"end":{"line":884,"column":2}},{"start":{"line":884,"column":2},"end":{"line":884,"column":2}}]},"62":{"line":885,"type":"if","locations":[{"start":{"line":885,"column":2},"end":{"line":885,"column":2}},{"start":{"line":885,"column":2},"end":{"line":885,"column":2}}]},"63":{"line":889,"type":"if","locations":[{"start":{"line":889,"column":2},"end":{"line":889,"column":2}},{"start":{"line":889,"column":2},"end":{"line":889,"column":2}}]},"64":{"line":893,"type":"if","locations":[{"start":{"line":893,"column":2},"end":{"line":893,"column":2}},{"start":{"line":893,"column":2},"end":{"line":893,"column":2}}]},"65":{"line":904,"type":"if","locations":[{"start":{"line":904,"column":2},"end":{"line":904,"column":2}},{"start":{"line":904,"column":2},"end":{"line":904,"column":2}}]},"66":{"line":912,"type":"if","locations":[{"start":{"line":912,"column":2},"end":{"line":912,"column":2}},{"start":{"line":912,"column":2},"end":{"line":912,"column":2}}]},"67":{"line":932,"type":"if","locations":[{"start":{"line":932,"column":62},"end":{"line":932,"column":62}},{"start":{"line":932,"column":62},"end":{"line":932,"column":62}}]},"68":{"line":936,"type":"if","locations":[{"start":{"line":936,"column":2},"end":{"line":936,"column":2}},{"start":{"line":936,"column":2},"end":{"line":936,"column":2}}]},"69":{"line":938,"type":"if","locations":[{"start":{"line":938,"column":2},"end":{"line":938,"column":2}},{"start":{"line":938,"column":2},"end":{"line":938,"column":2}}]},"70":{"line":943,"type":"if","locations":[{"start":{"line":943,"column":2},"end":{"line":943,"column":2}},{"start":{"line":943,"column":2},"end":{"line":943,"column":2}}]},"71":{"line":947,"type":"if","locations":[{"start":{"line":947,"column":2},"end":{"line":947,"column":2}},{"start":{"line":947,"column":2},"end":{"line":947,"column":2}}]},"72":{"line":954,"type":"if","locations":[{"start":{"line":954,"column":5},"end":{"line":954,"column":51}},{"start":{"line":955,"column":5},"end":{"line":955,"column":5}}]},"73":{"line":984,"type":"if","locations":[{"start":{"line":984,"column":56},"end":{"line":984,"column":56}},{"start":{"line":984,"column":56},"end":{"line":984,"column":56}}]},"74":{"line":990,"type":"if","locations":[{"start":{"line":990,"column":2},"end":{"line":990,"column":2}},{"start":{"line":990,"column":2},"end":{"line":990,"column":2}}]},"75":{"line":993,"type":"if","locations":[{"start":{"line":993,"column":2},"end":{"line":993,"column":2}},{"start":{"line":993,"column":2},"end":{"line":993,"column":2}}]},"76":{"line":999,"type":"if","locations":[{"start":{"line":999,"column":2},"end":{"line":999,"column":2}},{"start":{"line":999,"column":2},"end":{"line":999,"column":2}}]},"77":{"line":1067,"type":"if","locations":[{"start":{"line":1067,"column":12},"end":{"line":1067,"column":12}},{"start":{"line":1067,"column":12},"end":{"line":1067,"column":12}}]},"78":{"line":1068,"type":"if","locations":[{"start":{"line":1068,"column":2},"end":{"line":1068,"column":2}},{"start":{"line":1068,"column":2},"end":{"line":1068,"column":2}}]},"79":{"line":1069,"type":"cond-expr","locations":[{"start":{"line":1069,"column":3},"end":{"line":1069,"column":35}},{"start":{"line":1070,"column":3},"end":{"line":1070,"column":48}}]},"80":{"line":1069,"type":"cond-expr","locations":[{"start":{"line":1069,"column":3},"end":{"line":1070,"column":48}},{"start":{"line":1071,"column":3},"end":{"line":1071,"column":50}}]},"81":{"line":1069,"type":"cond-expr","locations":[{"start":{"line":1069,"column":3},"end":{"line":1071,"column":50}},{"start":{"line":1072,"column":3},"end":{"line":1072,"column":31}}]},"82":{"line":1069,"type":"cond-expr","locations":[{"start":{"line":1069,"column":3},"end":{"line":1072,"column":31}},{"start":{"line":1073,"column":3},"end":{"line":1073,"column":30}}]},"83":{"line":1116,"type":"if","locations":[{"start":{"line":1116,"column":12},"end":{"line":1116,"column":12}},{"start":{"line":1116,"column":12},"end":{"line":1116,"column":12}}]},"84":{"line":1117,"type":"if","locations":[{"start":{"line":1117,"column":2},"end":{"line":1117,"column":2}},{"start":{"line":1117,"column":2},"end":{"line":1117,"column":2}}]},"85":{"line":1118,"type":"cond-expr","locations":[{"start":{"line":1118,"column":3},"end":{"line":1118,"column":38}},{"start":{"line":1119,"column":4},"end":{"line":1119,"column":34}}]},"86":{"line":1123,"type":"if","locations":[{"start":{"line":1123,"column":2},"end":{"line":1123,"column":2}},{"start":{"line":1123,"column":2},"end":{"line":1123,"column":2}}]},"87":{"line":1124,"type":"cond-expr","locations":[{"start":{"line":1124,"column":3},"end":{"line":1124,"column":40}},{"start":{"line":1125,"column":4},"end":{"line":1125,"column":37}}]},"88":{"line":1129,"type":"if","locations":[{"start":{"line":1129,"column":2},"end":{"line":1129,"column":2}},{"start":{"line":1129,"column":2},"end":{"line":1129,"column":2}}]},"89":{"line":1130,"type":"cond-expr","locations":[{"start":{"line":1130,"column":3},"end":{"line":1130,"column":39}},{"start":{"line":1131,"column":4},"end":{"line":1131,"column":36}}]},"90":{"line":1154,"type":"if","locations":[{"start":{"line":1154,"column":12},"end":{"line":1154,"column":12}},{"start":{"line":1154,"column":12},"end":{"line":1154,"column":12}}]},"91":{"line":1160,"type":"if","locations":[{"start":{"line":1160,"column":2},"end":{"line":1160,"column":2}},{"start":{"line":1160,"column":2},"end":{"line":1160,"column":2}}]},"92":{"line":1162,"type":"if","locations":[{"start":{"line":1162,"column":2},"end":{"line":1162,"column":2}},{"start":{"line":1162,"column":2},"end":{"line":1162,"column":2}}]},"93":{"line":1167,"type":"if","locations":[{"start":{"line":1167,"column":2},"end":{"line":1167,"column":2}},{"start":{"line":1167,"column":2},"end":{"line":1167,"column":2}}]},"94":{"line":1184,"type":"if","locations":[{"start":{"line":1184,"column":59},"end":{"line":1184,"column":59}},{"start":{"line":1184,"column":59},"end":{"line":1184,"column":59}}]},"95":{"line":1187,"type":"if","locations":[{"start":{"line":1187,"column":2},"end":{"line":1187,"column":2}},{"start":{"line":1187,"column":2},"end":{"line":1187,"column":2}}]},"96":{"line":1189,"type":"if","locations":[{"start":{"line":1189,"column":2},"end":{"line":1189,"column":2}},{"start":{"line":1189,"column":2},"end":{"line":1189,"column":2}}]},"97":{"line":1199,"type":"if","locations":[{"start":{"line":1199,"column":58},"end":{"line":1199,"column":58}},{"start":{"line":1199,"column":58},"end":{"line":1199,"column":58}}]},"98":{"line":1205,"type":"if","locations":[{"start":{"line":1205,"column":2},"end":{"line":1205,"column":2}},{"start":{"line":1205,"column":2},"end":{"line":1205,"column":2}}]},"99":{"line":1207,"type":"if","locations":[{"start":{"line":1207,"column":2},"end":{"line":1207,"column":2}},{"start":{"line":1207,"column":2},"end":{"line":1207,"column":2}}]},"100":{"line":1208,"type":"cond-expr","locations":[{"start":{"line":1208,"column":3},"end":{"line":1208,"column":45}},{"start":{"line":1209,"column":4},"end":{"line":1209,"column":42}}]},"101":{"line":1213,"type":"if","locations":[{"start":{"line":1213,"column":2},"end":{"line":1213,"column":2}},{"start":{"line":1213,"column":2},"end":{"line":1213,"column":2}}]},"102":{"line":1242,"type":"if","locations":[{"start":{"line":1242,"column":63},"end":{"line":1242,"column":63}},{"start":{"line":1242,"column":63},"end":{"line":1242,"column":63}}]},"103":{"line":1246,"type":"if","locations":[{"start":{"line":1246,"column":2},"end":{"line":1246,"column":2}},{"start":{"line":1246,"column":2},"end":{"line":1246,"column":2}}]},"104":{"line":1249,"type":"if","locations":[{"start":{"line":1249,"column":2},"end":{"line":1249,"column":2}},{"start":{"line":1249,"column":2},"end":{"line":1249,"column":2}}]},"105":{"line":1279,"type":"if","locations":[{"start":{"line":1279,"column":12},"end":{"line":1279,"column":12}},{"start":{"line":1279,"column":12},"end":{"line":1279,"column":12}}]},"106":{"line":1283,"type":"if","locations":[{"start":{"line":1283,"column":2},"end":{"line":1283,"column":2}},{"start":{"line":1283,"column":2},"end":{"line":1283,"column":2}}]},"107":{"line":1285,"type":"if","locations":[{"start":{"line":1285,"column":2},"end":{"line":1285,"column":2}},{"start":{"line":1285,"column":2},"end":{"line":1285,"column":2}}]},"108":{"line":1290,"type":"if","locations":[{"start":{"line":1290,"column":2},"end":{"line":1290,"column":2}},{"start":{"line":1290,"column":2},"end":{"line":1290,"column":2}}]},"109":{"line":1295,"type":"if","locations":[{"start":{"line":1295,"column":2},"end":{"line":1295,"column":2}},{"start":{"line":1295,"column":2},"end":{"line":1295,"column":2}}]},"110":{"line":1311,"type":"if","locations":[{"start":{"line":1311,"column":4},"end":{"line":1311,"column":4}},{"start":{"line":1311,"column":4},"end":{"line":1311,"column":4}}]},"111":{"line":1335,"type":"if","locations":[{"start":{"line":1335,"column":53},"end":{"line":1335,"column":53}},{"start":{"line":1335,"column":53},"end":{"line":1335,"column":53}}]},"112":{"line":1338,"type":"if","locations":[{"start":{"line":1338,"column":2},"end":{"line":1338,"column":2}},{"start":{"line":1338,"column":2},"end":{"line":1338,"column":2}}]},"113":{"line":1343,"type":"if","locations":[{"start":{"line":1343,"column":2},"end":{"line":1343,"column":2}},{"start":{"line":1343,"column":2},"end":{"line":1343,"column":2}}]},"114":{"line":1375,"type":"if","locations":[{"start":{"line":1375,"column":12},"end":{"line":1375,"column":12}},{"start":{"line":1375,"column":12},"end":{"line":1375,"column":12}}]},"115":{"line":1375,"type":"if","locations":[{"start":{"line":1375,"column":22},"end":{"line":1375,"column":22}},{"start":{"line":1375,"column":22},"end":{"line":1375,"column":22}}]},"116":{"line":1378,"type":"if","locations":[{"start":{"line":1378,"column":2},"end":{"line":1378,"column":2}},{"start":{"line":1378,"column":2},"end":{"line":1378,"column":2}}]},"117":{"line":1383,"type":"if","locations":[{"start":{"line":1383,"column":2},"end":{"line":1383,"column":2}},{"start":{"line":1383,"column":2},"end":{"line":1383,"column":2}}]},"118":{"line":1388,"type":"if","locations":[{"start":{"line":1388,"column":2},"end":{"line":1388,"column":2}},{"start":{"line":1388,"column":2},"end":{"line":1388,"column":2}}]},"119":{"line":1400,"type":"if","locations":[{"start":{"line":1400,"column":2},"end":{"line":1400,"column":2}},{"start":{"line":1400,"column":2},"end":{"line":1400,"column":2}}]},"120":{"line":1408,"type":"if","locations":[{"start":{"line":1408,"column":2},"end":{"line":1408,"column":2}},{"start":{"line":1408,"column":2},"end":{"line":1408,"column":2}}]},"121":{"line":1427,"type":"if","locations":[{"start":{"line":1427,"column":61},"end":{"line":1427,"column":61}},{"start":{"line":1427,"column":61},"end":{"line":1427,"column":61}}]},"122":{"line":1431,"type":"if","locations":[{"start":{"line":1431,"column":2},"end":{"line":1431,"column":2}},{"start":{"line":1431,"column":2},"end":{"line":1431,"column":2}}]},"123":{"line":1434,"type":"if","locations":[{"start":{"line":1434,"column":2},"end":{"line":1434,"column":2}},{"start":{"line":1434,"column":2},"end":{"line":1434,"column":2}}]},"124":{"line":1435,"type":"cond-expr","locations":[{"start":{"line":1435,"column":3},"end":{"line":1435,"column":49}},{"start":{"line":1436,"column":4},"end":{"line":1436,"column":49}}]},"125":{"line":1441,"type":"if","locations":[{"start":{"line":1441,"column":2},"end":{"line":1441,"column":2}},{"start":{"line":1441,"column":2},"end":{"line":1441,"column":2}}]},"126":{"line":1464,"type":"if","locations":[{"start":{"line":1464,"column":62},"end":{"line":1464,"column":62}},{"start":{"line":1464,"column":62},"end":{"line":1464,"column":62}}]},"127":{"line":1468,"type":"if","locations":[{"start":{"line":1468,"column":2},"end":{"line":1468,"column":2}},{"start":{"line":1468,"column":2},"end":{"line":1468,"column":2}}]},"128":{"line":1471,"type":"if","locations":[{"start":{"line":1471,"column":2},"end":{"line":1471,"column":2}},{"start":{"line":1471,"column":2},"end":{"line":1471,"column":2}}]},"129":{"line":1477,"type":"if","locations":[{"start":{"line":1477,"column":2},"end":{"line":1477,"column":2}},{"start":{"line":1477,"column":2},"end":{"line":1477,"column":2}}]},"130":{"line":1480,"type":"if","locations":[{"start":{"line":1480,"column":2},"end":{"line":1480,"column":2}},{"start":{"line":1480,"column":2},"end":{"line":1480,"column":2}}]},"131":{"line":1506,"type":"if","locations":[{"start":{"line":1506,"column":12},"end":{"line":1506,"column":12}},{"start":{"line":1506,"column":12},"end":{"line":1506,"column":12}}]},"132":{"line":1508,"type":"if","locations":[{"start":{"line":1508,"column":2},"end":{"line":1508,"column":2}},{"start":{"line":1508,"column":2},"end":{"line":1508,"column":2}}]},"133":{"line":1511,"type":"if","locations":[{"start":{"line":1511,"column":2},"end":{"line":1511,"column":2}},{"start":{"line":1511,"column":2},"end":{"line":1511,"column":2}}]},"134":{"line":1537,"type":"if","locations":[{"start":{"line":1537,"column":12},"end":{"line":1537,"column":12}},{"start":{"line":1537,"column":12},"end":{"line":1537,"column":12}}]},"135":{"line":1539,"type":"if","locations":[{"start":{"line":1539,"column":2},"end":{"line":1539,"column":2}},{"start":{"line":1539,"column":2},"end":{"line":1539,"column":2}}]},"136":{"line":1542,"type":"if","locations":[{"start":{"line":1542,"column":2},"end":{"line":1542,"column":2}},{"start":{"line":1542,"column":2},"end":{"line":1542,"column":2}}]},"137":{"line":1568,"type":"if","locations":[{"start":{"line":1568,"column":12},"end":{"line":1568,"column":12}},{"start":{"line":1568,"column":12},"end":{"line":1568,"column":12}}]},"138":{"line":1570,"type":"if","locations":[{"start":{"line":1570,"column":2},"end":{"line":1570,"column":2}},{"start":{"line":1570,"column":2},"end":{"line":1570,"column":2}}]},"139":{"line":1576,"type":"if","locations":[{"start":{"line":1576,"column":2},"end":{"line":1576,"column":2}},{"start":{"line":1576,"column":2},"end":{"line":1576,"column":2}}]},"140":{"line":1582,"type":"if","locations":[{"start":{"line":1582,"column":2},"end":{"line":1582,"column":2}},{"start":{"line":1582,"column":2},"end":{"line":1582,"column":2}}]},"141":{"line":1609,"type":"if","locations":[{"start":{"line":1609,"column":52},"end":{"line":1609,"column":52}},{"start":{"line":1609,"column":52},"end":{"line":1609,"column":52}}]},"142":{"line":1611,"type":"if","locations":[{"start":{"line":1611,"column":2},"end":{"line":1611,"column":2}},{"start":{"line":1611,"column":2},"end":{"line":1611,"column":2}}]},"143":{"line":1635,"type":"if","locations":[{"start":{"line":1635,"column":37},"end":{"line":1635,"column":37}},{"start":{"line":1635,"column":37},"end":{"line":1635,"column":37}}]},"144":{"line":1635,"type":"if","locations":[{"start":{"line":1635,"column":47},"end":{"line":1635,"column":47}},{"start":{"line":1635,"column":47},"end":{"line":1635,"column":47}}]},"145":{"line":1640,"type":"if","locations":[{"start":{"line":1640,"column":2},"end":{"line":1640,"column":2}},{"start":{"line":1640,"column":2},"end":{"line":1640,"column":2}}]},"146":{"line":1662,"type":"if","locations":[{"start":{"line":1662,"column":12},"end":{"line":1662,"column":12}},{"start":{"line":1662,"column":12},"end":{"line":1662,"column":12}}]},"147":{"line":1663,"type":"if","locations":[{"start":{"line":1663,"column":2},"end":{"line":1663,"column":2}},{"start":{"line":1663,"column":2},"end":{"line":1663,"column":2}}]},"148":{"line":1679,"type":"if","locations":[{"start":{"line":1679,"column":12},"end":{"line":1679,"column":12}},{"start":{"line":1679,"column":12},"end":{"line":1679,"column":12}}]},"149":{"line":1680,"type":"if","locations":[{"start":{"line":1680,"column":2},"end":{"line":1680,"column":2}},{"start":{"line":1680,"column":2},"end":{"line":1680,"column":2}}]},"150":{"line":1757,"type":"if","locations":[{"start":{"line":1757,"column":2},"end":{"line":1757,"column":2}},{"start":{"line":1757,"column":2},"end":{"line":1757,"column":2}}]},"151":{"line":1759,"type":"if","locations":[{"start":{"line":1759,"column":9},"end":{"line":1759,"column":9}},{"start":{"line":1759,"column":9},"end":{"line":1759,"column":9}}]},"152":{"line":1761,"type":"if","locations":[{"start":{"line":1761,"column":9},"end":{"line":1761,"column":9}},{"start":{"line":1761,"column":9},"end":{"line":1761,"column":9}}]},"153":{"line":1792,"type":"if","locations":[{"start":{"line":1792,"column":2},"end":{"line":1792,"column":2}},{"start":{"line":1792,"column":2},"end":{"line":1792,"column":2}}]},"154":{"line":1796,"type":"if","locations":[{"start":{"line":1796,"column":3},"end":{"line":1796,"column":3}},{"start":{"line":1796,"column":3},"end":{"line":1796,"column":3}}]},"155":{"line":1970,"type":"if","locations":[{"start":{"line":1970,"column":3},"end":{"line":1970,"column":3}},{"start":{"line":1970,"column":3},"end":{"line":1970,"column":3}}]},"156":{"line":1980,"type":"if","locations":[{"start":{"line":1980,"column":2},"end":{"line":1980,"column":2}},{"start":{"line":1980,"column":2},"end":{"line":1980,"column":2}}]}}}}